{"level":"info","ts":1683946883.0515187,"msg":"2023-05-13 11:01:23 openapi.go:92:func2 [OPENAPI]GET https://sandbox.api.sgroup.qq.com/gateway/bot, traceID:2657ebcb5a2ce5d04b7dc9cd4feb7bb2, status:200 OK, elapsed:517.1786ms req: null, resp: {\"url\":\"wss://sandbox.api.sgroup.qq.com/websocket\",\"shards\":1,\"session_start_limit\":{\"total\":1000,\"remaining\":999,\"reset_after\":85996823,\"max_concurrency\":1}}\n"}
{"level":"info","ts":1683946883.0520372,"msg":"2023-05-13 11:01:23 local.go:33:Start [ws/session/local] will start 1 sessions and per session start interval is 2s\n"}
{"level":"info","ts":1683946885.2729383,"msg":"2023-05-13 11:01:25 client.go:64:Connect [ws][ID:][Shard:(0/1)][Intent:1073741824], url wss://sandbox.api.sgroup.qq.com/websocket, connected\n"}
{"level":"info","ts":1683946885.2741325,"msg":"2023-05-13 11:01:25 client.go:124:Write [ws][ID:][Shard:(0/1)][Intent:1073741824] write Identity message, {\"op\":2,\"d\":{\"token\":\"102017319.AQ6Qwh7PEMk9a6lxWUKpjSTbVNZKZ0hs\",\"intents\":1073741824,\"shard\":[0,1],\"properties\":{}}}\n"}
{"level":"info","ts":1683946885.2746975,"msg":"2023-05-13 11:01:25 client.go:195:readMessageToQueue [ws][ID:][Shard:(0/1)][Intent:1073741824] receive Hello message, {\"d\":{\"heartbeat_interval\":41250},\"op\":10}\n"}
{"level":"info","ts":1683946885.3964188,"msg":"2023-05-13 11:01:25 client.go:195:readMessageToQueue [ws][ID:][Shard:(0/1)][Intent:1073741824] receive Event message, {\"op\":0,\"s\":1,\"t\":\"READY\",\"d\":{\"version\":1,\"session_id\":\"1fe282fd-510e-4b35-89fa-f0cc863afd6c\",\"user\":{\"id\":\"6161573869538861801\",\"username\":\"离叶-测试中\",\"bot\":true,\"status\":1},\"shard\":[0,1]}}\n"}
{"level":"info","ts":1683946897.4549468,"msg":"2023-05-13 11:01:37 client.go:195:readMessageToQueue [ws][ID:1fe282fd-510e-4b35-89fa-f0cc863afd6c][Shard:(0/1)][Intent:1073741824] receive Event message, {\"op\":0,\"s\":2,\"t\":\"AT_MESSAGE_CREATE\",\"id\":\"AT_MESSAGE_CREATE:18f0e32a-b030-4f1c-9346-26885241c6cb\",\"d\":{\"author\":{\"avatar\":\"https://qqchannel-profile-1251316161.file.myqcloud.com/16409192362c6f0eb9ffe0f57d?t=1640919236\",\"bot\":false,\"id\":\"13430208757502180441\",\"username\":\"三文鱼\"},\"channel_id\":\"9873972\",\"content\":\"\\u003c@!6161573869538861801\\u003e hi\",\"guild_id\":\"9917825248819195045\",\"id\":\"08a5d992a2c5b0ccd1890110b4d4da043826488ffbfba206\",\"member\":{\"joined_at\":\"2022-08-11T15:54:59+08:00\",\"nick\":\"三文鱼\",\"roles\":[\"4\",\"16\"]},\"mentions\":[{\"avatar\":\"http://thirdqq.qlogo.cn/g?b=oidb\\u0026k=eM1Pa0nicib3UvP94SYDX4Ag\\u0026kti=ZF79kAAAAAI\\u0026s=0\\u0026t=1660204608\",\"bot\":true,\"id\":\"6161573869538861801\",\"username\":\"离叶-测试中\"}],\"seq\":38,\"seq_in_channel\":\"38\",\"timestamp\":\"2023-05-13T11:01:35+08:00\"}}\n"}
{"level":"info","ts":1683946897.762943,"msg":"2023-05-13 11:01:37 openapi.go:92:func2 [OPENAPI]POST https://sandbox.api.sgroup.qq.com/channels/9873972/messages, traceID:49f4afc756c44df393280fdbe4bff1f8, status:202 Accepted, elapsed:306.6872ms req: {\"content\":\"默认回复\\u003cemoji:307\\u003e\",\"message_reference\":{\"message_id\":\"08a5d992a2c5b0ccd1890110b4d4da043826488ffbfba206\",\"ignore_get_message_error\":true}}, resp: {\"code\":304023,\"message\":\"push message is waiting for audit now\",\"data\":{\"message_audit\":{\"audit_id\":\"b224b2d7-d44e-4516-a9fc-32ab77acb46c\"}}}\n"}
{"level":"debug","ts":1683946926.5268147,"msg":"2023-05-13 11:02:06 client.go:108:Listening [ws][ID:1fe282fd-510e-4b35-89fa-f0cc863afd6c][Shard:(0/1)][Intent:1073741824] listened heartBeat\n"}
{"level":"info","ts":1683946926.5268147,"msg":"2023-05-13 11:02:06 client.go:124:Write [ws][ID:1fe282fd-510e-4b35-89fa-f0cc863afd6c][Shard:(0/1)][Intent:1073741824] write Heartbeat message, {\"op\":1,\"d\":2}\n"}
{"level":"info","ts":1683946926.6380782,"msg":"2023-05-13 11:02:06 client.go:195:readMessageToQueue [ws][ID:1fe282fd-510e-4b35-89fa-f0cc863afd6c][Shard:(0/1)][Intent:1073741824] receive HeartbeatAck message, {\"op\":11}\n"}
{"level":"debug","ts":1683946967.7834775,"msg":"2023-05-13 11:02:47 client.go:108:Listening [ws][ID:1fe282fd-510e-4b35-89fa-f0cc863afd6c][Shard:(0/1)][Intent:1073741824] listened heartBeat\n"}
{"level":"info","ts":1683946967.7834775,"msg":"2023-05-13 11:02:47 client.go:124:Write [ws][ID:1fe282fd-510e-4b35-89fa-f0cc863afd6c][Shard:(0/1)][Intent:1073741824] write Heartbeat message, {\"op\":1,\"d\":2}\n"}
{"level":"info","ts":1683946967.9041245,"msg":"2023-05-13 11:02:47 client.go:195:readMessageToQueue [ws][ID:1fe282fd-510e-4b35-89fa-f0cc863afd6c][Shard:(0/1)][Intent:1073741824] receive HeartbeatAck message, {\"op\":11}\n"}
{"level":"debug","ts":1683947009.0385683,"msg":"2023-05-13 11:03:29 client.go:108:Listening [ws][ID:1fe282fd-510e-4b35-89fa-f0cc863afd6c][Shard:(0/1)][Intent:1073741824] listened heartBeat\n"}
{"level":"info","ts":1683947009.039103,"msg":"2023-05-13 11:03:29 client.go:124:Write [ws][ID:1fe282fd-510e-4b35-89fa-f0cc863afd6c][Shard:(0/1)][Intent:1073741824] write Heartbeat message, {\"op\":1,\"d\":2}\n"}
{"level":"info","ts":1683947009.135375,"msg":"2023-05-13 11:03:29 client.go:195:readMessageToQueue [ws][ID:1fe282fd-510e-4b35-89fa-f0cc863afd6c][Shard:(0/1)][Intent:1073741824] receive HeartbeatAck message, {\"op\":11}\n"}
{"level":"debug","ts":1683947050.2780006,"msg":"2023-05-13 11:04:10 client.go:108:Listening [ws][ID:1fe282fd-510e-4b35-89fa-f0cc863afd6c][Shard:(0/1)][Intent:1073741824] listened heartBeat\n"}
{"level":"info","ts":1683947050.2781038,"msg":"2023-05-13 11:04:10 client.go:124:Write [ws][ID:1fe282fd-510e-4b35-89fa-f0cc863afd6c][Shard:(0/1)][Intent:1073741824] write Heartbeat message, {\"op\":1,\"d\":2}\n"}
{"level":"info","ts":1683947050.3585863,"msg":"2023-05-13 11:04:10 client.go:195:readMessageToQueue [ws][ID:1fe282fd-510e-4b35-89fa-f0cc863afd6c][Shard:(0/1)][Intent:1073741824] receive HeartbeatAck message, {\"op\":11}\n"}
